<?xml version="1.0" encoding="UTF-8"?>
<!-- Generated by org.testng.reporters.JUnitReportReporter -->
<testsuite hostname="DESKTOP-ACCNH3K" failures="0" tests="1" name="com.framework.part1.level1.testcases.ShoppingCartTest" time="11.067" errors="0" timestamp="2023-11-14T12:56:55 EST" skipped="0">
  <testcase classname="com.framework.part1.level1.testcases.ShoppingCartTest" name="shoppingCartTest" time="11.067"/>
</testsuite> <!-- com.framework.part1.level1.testcases.ShoppingCartTest -->
