<?xml version="1.0" encoding="UTF-8"?>
<!-- Generated by org.testng.reporters.JUnitReportReporter -->
<testsuite hostname="DESKTOP-ACCNH3K" failures="0" tests="1" name="com.framework.part1.level1.testcases.LoginTest" time="8.372" errors="0" timestamp="2023-11-14T12:56:55 EST" skipped="0">
  <testcase classname="com.framework.part1.level1.testcases.LoginTest" name="verifyingSuccessfulLoginWithValidCredentials" time="8.372"/>
</testsuite> <!-- com.framework.part1.level1.testcases.LoginTest -->
