<?xml version="1.0" encoding="UTF-8"?>
<!-- Generated by org.testng.reporters.JUnitReportReporter -->
<testsuite hostname="DESKTOP-IADEF9B" failures="0" tests="1" name="com.framework.level1.level2.testcases.LoginTest" time="14.913" errors="0" timestamp="2023-11-16T11:39:06 EST" skipped="0">
  <testcase classname="com.framework.level1.level2.testcases.LoginTest" name="verifyingSuccessfulLoginWithValidCredentials" time="14.913"/>
</testsuite> <!-- com.framework.level1.level2.testcases.LoginTest -->
