<?xml version="1.0" encoding="UTF-8"?>
<!-- Generated by org.testng.reporters.JUnitReportReporter -->
<testsuite hostname="DESKTOP-ACCNH3K" failures="0" tests="1" name="com.qa.rediff.testcases.LoginTest" time="7.736" errors="0" timestamp="2023-11-10T16:20:13 EST" skipped="0">
  <testcase classname="com.qa.rediff.testcases.LoginTest" name="verifyingSuccessfulLoginWithValidCredentials" time="7.736"/>
</testsuite> <!-- com.qa.rediff.testcases.LoginTest -->
