<?xml version="1.0" encoding="UTF-8"?>
<!-- Generated by org.testng.reporters.JUnitReportReporter -->
<testsuite hostname="DESKTOP-ACCNH3K" failures="0" tests="1" name="com.qa.rediff.testcases.SearchProductTest" time="8.299" errors="0" timestamp="2023-11-11T11:32:42 EST" skipped="0">
  <testcase classname="com.qa.rediff.testcases.SearchProductTest" name="testProductSearchAndNavigation" time="8.299"/>
</testsuite> <!-- com.qa.rediff.testcases.SearchProductTest -->
