<?xml version="1.0" encoding="UTF-8"?>
<!-- Generated by org.testng.reporters.JUnitReportReporter -->
<testsuite hostname="DESKTOP-ACCNH3K" failures="0" tests="1" name="com.framework.level1.level2.testcases.SearchProductTest" time="7.765" errors="0" timestamp="2023-11-14T19:06:58 EST" skipped="0">
  <testcase classname="com.framework.level1.level2.testcases.SearchProductTest" name="testProductSearchAndNavigation" time="7.765"/>
</testsuite> <!-- com.framework.level1.level2.testcases.SearchProductTest -->
