<?xml version="1.0" encoding="UTF-8"?>
<!-- Generated by org.testng.reporters.JUnitReportReporter -->
<testsuite hostname="DESKTOP-IADEF9B" failures="0" tests="1" name="com.framework.level1.level2.testcases.LunaSearchProductTest" time="13.413" errors="0" timestamp="2023-11-16T11:37:30 EST" skipped="0">
  <testcase classname="com.framework.level1.level2.testcases.LunaSearchProductTest" name="testProductSearchAndNavigation" time="13.413"/>
</testsuite> <!-- com.framework.level1.level2.testcases.LunaSearchProductTest -->
