<?xml version="1.0" encoding="UTF-8"?>
<!-- Generated by org.testng.reporters.JUnitReportReporter -->
<testsuite hostname="DESKTOP-IADEF9B" failures="0" tests="1" name="com.framework.level1.level2.testcases.LumaRegisterTest" time="16.042" errors="0" timestamp="2023-11-16T11:38:37 EST" skipped="0">
  <testcase classname="com.framework.level1.level2.testcases.LumaRegisterTest" name="verifyRegisterAccountManadatoryFields" time="16.042"/>
</testsuite> <!-- com.framework.level1.level2.testcases.LumaRegisterTest -->
