<?xml version="1.0" encoding="UTF-8"?>
<!-- Generated by org.testng.reporters.JUnitReportReporter -->
<testsuite hostname="DESKTOP-ACCNH3K" failures="0" tests="1" name="com.framework.part1.level1.testcases.SearchProductTest" time="7.897" errors="0" timestamp="2023-11-14T12:56:55 EST" skipped="0">
  <testcase classname="com.framework.part1.level1.testcases.SearchProductTest" name="testProductSearchAndNavigation" time="7.897"/>
</testsuite> <!-- com.framework.part1.level1.testcases.SearchProductTest -->
