<?xml version="1.0" encoding="UTF-8"?>
<!-- Generated by org.testng.reporters.JUnitReportReporter -->
<testsuite hostname="DESKTOP-ACCNH3K" failures="0" tests="1" name="com.framework.part2.level2.testcases.LumaCheckOutTest" time="21.777" errors="0" timestamp="2023-11-14T12:56:55 EST" skipped="0">
  <testcase classname="com.framework.part2.level2.testcases.LumaCheckOutTest" name="verifyAddAProductToTheShoppingCartAndNavigateToCheckOutPage" time="21.777"/>
</testsuite> <!-- com.framework.part2.level2.testcases.LumaCheckOutTest -->
