<?xml version="1.0" encoding="UTF-8"?>
<!-- Generated by org.testng.reporters.JUnitReportReporter -->
<testsuite hostname="DESKTOP-ACCNH3K" failures="0" tests="1" name="com.qa.rediff.testcases.ShoppingCartTest" time="11.230" errors="0" timestamp="2023-11-10T16:19:38 EST" skipped="0">
  <testcase classname="com.qa.rediff.testcases.ShoppingCartTest" name="shoppingCartTest" time="11.230"/>
</testsuite> <!-- com.qa.rediff.testcases.ShoppingCartTest -->
